0 info it worked if it ends with ok
1 verbose cli [ 'C:\\Program Files\\nodejs\\node.exe',
1 verbose cli   'C:\\Program Files\\nodejs\\node_modules\\npm\\bin\\npm-cli.js',
1 verbose cli   'install',
1 verbose cli   '--save',
1 verbose cli   'node',
1 verbose cli   'mailer' ]
2 info using npm@3.10.10
3 info using node@v6.11.2
4 silly loadCurrentTree Starting
5 silly install loadCurrentTree
6 silly install readLocalPackageData
7 silly fetchPackageMetaData node
8 silly fetchPackageMetaData mailer
9 silly fetchNamedPackageData node
10 silly mapToRegistry name node
11 silly mapToRegistry using default registry
12 silly mapToRegistry registry https://registry.npmjs.org/
13 silly mapToRegistry data Result {
13 silly mapToRegistry   raw: 'node',
13 silly mapToRegistry   scope: null,
13 silly mapToRegistry   escapedName: 'node',
13 silly mapToRegistry   name: 'node',
13 silly mapToRegistry   rawSpec: '',
13 silly mapToRegistry   spec: 'latest',
13 silly mapToRegistry   type: 'tag' }
14 silly mapToRegistry uri https://registry.npmjs.org/node
15 silly fetchNamedPackageData mailer
16 silly mapToRegistry name mailer
17 silly mapToRegistry using default registry
18 silly mapToRegistry registry https://registry.npmjs.org/
19 silly mapToRegistry data Result {
19 silly mapToRegistry   raw: 'mailer',
19 silly mapToRegistry   scope: null,
19 silly mapToRegistry   escapedName: 'mailer',
19 silly mapToRegistry   name: 'mailer',
19 silly mapToRegistry   rawSpec: '',
19 silly mapToRegistry   spec: 'latest',
19 silly mapToRegistry   type: 'tag' }
20 silly mapToRegistry uri https://registry.npmjs.org/mailer
21 verbose request uri https://registry.npmjs.org/node
22 verbose request no auth needed
23 info attempt registry request try #1 at 19:46:56
24 verbose request id afb1f67830c1f933
25 http request GET https://registry.npmjs.org/node
26 verbose request uri https://registry.npmjs.org/mailer
27 verbose request no auth needed
28 info attempt registry request try #1 at 19:46:56
29 http request GET https://registry.npmjs.org/mailer
30 http 200 https://registry.npmjs.org/mailer
31 verbose headers { server: 'nginx/1.10.1',
31 verbose headers   'content-type': 'application/json',
31 verbose headers   'last-modified': 'Thu, 02 Aug 2012 13:34:24 GMT',
31 verbose headers   etag: 'W/"501a81e0-3f54"',
31 verbose headers   'content-encoding': 'gzip',
31 verbose headers   'cache-control': 'max-age=300',
31 verbose headers   'content-length': '2002',
31 verbose headers   'accept-ranges': 'bytes',
31 verbose headers   date: 'Wed, 27 Sep 2017 11:46:07 GMT',
31 verbose headers   via: '1.1 varnish',
31 verbose headers   age: '0',
31 verbose headers   connection: 'keep-alive',
31 verbose headers   'x-served-by': 'cache-itm7420-ITM',
31 verbose headers   'x-cache': 'MISS',
31 verbose headers   'x-cache-hits': '0',
31 verbose headers   'x-timer': 'S1506512767.711414,VS0,VE651',
31 verbose headers   vary: 'Accept-Encoding, Accept' }
32 silly get cb [ 200,
32 silly get   { server: 'nginx/1.10.1',
32 silly get     'content-type': 'application/json',
32 silly get     'last-modified': 'Thu, 02 Aug 2012 13:34:24 GMT',
32 silly get     etag: 'W/"501a81e0-3f54"',
32 silly get     'content-encoding': 'gzip',
32 silly get     'cache-control': 'max-age=300',
32 silly get     'content-length': '2002',
32 silly get     'accept-ranges': 'bytes',
32 silly get     date: 'Wed, 27 Sep 2017 11:46:07 GMT',
32 silly get     via: '1.1 varnish',
32 silly get     age: '0',
32 silly get     connection: 'keep-alive',
32 silly get     'x-served-by': 'cache-itm7420-ITM',
32 silly get     'x-cache': 'MISS',
32 silly get     'x-cache-hits': '0',
32 silly get     'x-timer': 'S1506512767.711414,VS0,VE651',
32 silly get     vary: 'Accept-Encoding, Accept' } ]
33 verbose get saving mailer to C:\Users\User\AppData\Roaming\npm-cache\registry.npmjs.org\mailer\.cache.json
34 verbose correctMkdir C:\Users\User\AppData\Roaming\npm-cache correctMkdir not in flight; initializing
35 http 200 https://registry.npmjs.org/node
36 verbose headers { server: 'nginx/1.10.1',
36 verbose headers   'content-type': 'application/json',
36 verbose headers   'last-modified': 'Fri, 01 Sep 2017 16:19:59 GMT',
36 verbose headers   etag: 'W/"59a988af-4e335"',
36 verbose headers   'content-encoding': 'gzip',
36 verbose headers   'cache-control': 'max-age=300',
36 verbose headers   'content-length': '51496',
36 verbose headers   'accept-ranges': 'bytes',
36 verbose headers   date: 'Wed, 27 Sep 2017 11:46:07 GMT',
36 verbose headers   via: '1.1 varnish',
36 verbose headers   age: '0',
36 verbose headers   connection: 'keep-alive',
36 verbose headers   'x-served-by': 'cache-itm7420-ITM',
36 verbose headers   'x-cache': 'MISS',
36 verbose headers   'x-cache-hits': '0',
36 verbose headers   'x-timer': 'S1506512767.713653,VS0,VE884',
36 verbose headers   vary: 'Accept-Encoding, Accept' }
37 silly get cb [ 200,
37 silly get   { server: 'nginx/1.10.1',
37 silly get     'content-type': 'application/json',
37 silly get     'last-modified': 'Fri, 01 Sep 2017 16:19:59 GMT',
37 silly get     etag: 'W/"59a988af-4e335"',
37 silly get     'content-encoding': 'gzip',
37 silly get     'cache-control': 'max-age=300',
37 silly get     'content-length': '51496',
37 silly get     'accept-ranges': 'bytes',
37 silly get     date: 'Wed, 27 Sep 2017 11:46:07 GMT',
37 silly get     via: '1.1 varnish',
37 silly get     age: '0',
37 silly get     connection: 'keep-alive',
37 silly get     'x-served-by': 'cache-itm7420-ITM',
37 silly get     'x-cache': 'MISS',
37 silly get     'x-cache-hits': '0',
37 silly get     'x-timer': 'S1506512767.713653,VS0,VE884',
37 silly get     vary: 'Accept-Encoding, Accept' } ]
38 verbose get saving node to C:\Users\User\AppData\Roaming\npm-cache\registry.npmjs.org\node\.cache.json
39 verbose correctMkdir C:\Users\User\AppData\Roaming\npm-cache correctMkdir not in flight; initializing
40 silly install normalizeTree
41 silly loadCurrentTree Finishing
42 silly loadIdealTree Starting
43 silly install loadIdealTree
44 silly cloneCurrentTree Starting
45 silly install cloneCurrentTreeToIdealTree
46 silly cloneCurrentTree Finishing
47 silly loadShrinkwrap Starting
48 silly install loadShrinkwrap
49 silly loadShrinkwrap Finishing
50 silly loadAllDepsIntoIdealTree Starting
51 silly install loadAllDepsIntoIdealTree
52 silly resolveWithNewModule mailer@0.6.7 checking installable status
53 silly cache add args [ 'mailer', null ]
54 verbose cache add spec mailer
55 silly resolveWithNewModule node@8.3.0 checking installable status
56 silly cache add args [ 'node', null ]
57 verbose cache add spec node
58 silly cache add parsed spec Result {
58 silly cache add   raw: 'mailer',
58 silly cache add   scope: null,
58 silly cache add   escapedName: 'mailer',
58 silly cache add   name: 'mailer',
58 silly cache add   rawSpec: '',
58 silly cache add   spec: 'latest',
58 silly cache add   type: 'tag' }
59 silly addNamed mailer@latest
60 verbose addNamed "latest" is being treated as a dist-tag for mailer
61 info addNameTag [ 'mailer', 'latest' ]
62 silly mapToRegistry name mailer
63 silly mapToRegistry using default registry
64 silly mapToRegistry registry https://registry.npmjs.org/
65 silly mapToRegistry data Result {
65 silly mapToRegistry   raw: 'mailer',
65 silly mapToRegistry   scope: null,
65 silly mapToRegistry   escapedName: 'mailer',
65 silly mapToRegistry   name: 'mailer',
65 silly mapToRegistry   rawSpec: '',
65 silly mapToRegistry   spec: 'latest',
65 silly mapToRegistry   type: 'tag' }
66 silly mapToRegistry uri https://registry.npmjs.org/mailer
67 verbose addNameTag registry:https://registry.npmjs.org/mailer not in flight; fetching
68 silly cache add parsed spec Result {
68 silly cache add   raw: 'node',
68 silly cache add   scope: null,
68 silly cache add   escapedName: 'node',
68 silly cache add   name: 'node',
68 silly cache add   rawSpec: '',
68 silly cache add   spec: 'latest',
68 silly cache add   type: 'tag' }
69 silly addNamed node@latest
70 verbose addNamed "latest" is being treated as a dist-tag for node
71 info addNameTag [ 'node', 'latest' ]
72 silly mapToRegistry name node
73 silly mapToRegistry using default registry
74 silly mapToRegistry registry https://registry.npmjs.org/
75 silly mapToRegistry data Result {
75 silly mapToRegistry   raw: 'node',
75 silly mapToRegistry   scope: null,
75 silly mapToRegistry   escapedName: 'node',
75 silly mapToRegistry   name: 'node',
75 silly mapToRegistry   rawSpec: '',
75 silly mapToRegistry   spec: 'latest',
75 silly mapToRegistry   type: 'tag' }
76 silly mapToRegistry uri https://registry.npmjs.org/node
77 verbose addNameTag registry:https://registry.npmjs.org/node not in flight; fetching
78 verbose get https://registry.npmjs.org/mailer not expired, no request
79 silly addNameTag next cb for mailer with tag latest
80 silly addNamed mailer@0.6.7
81 verbose addNamed "0.6.7" is a plain semver version for mailer
82 silly mapToRegistry name mailer
83 silly mapToRegistry using default registry
84 silly mapToRegistry registry https://registry.npmjs.org/
85 silly mapToRegistry data Result {
85 silly mapToRegistry   raw: 'mailer',
85 silly mapToRegistry   scope: null,
85 silly mapToRegistry   escapedName: 'mailer',
85 silly mapToRegistry   name: 'mailer',
85 silly mapToRegistry   rawSpec: '',
85 silly mapToRegistry   spec: 'latest',
85 silly mapToRegistry   type: 'tag' }
86 silly mapToRegistry uri https://registry.npmjs.org/mailer
87 verbose addRemoteTarball https://registry.npmjs.org/mailer/-/mailer-0.6.7.tgz not in flight; adding
88 verbose addRemoteTarball [ 'https://registry.npmjs.org/mailer/-/mailer-0.6.7.tgz',
88 verbose addRemoteTarball   '012d69b2554864976d9d77f5326b35097653f653' ]
89 verbose get https://registry.npmjs.org/node not expired, no request
90 silly addNameTag next cb for node with tag latest
91 silly addNamed node@8.3.0
92 verbose addNamed "8.3.0" is a plain semver version for node
93 silly mapToRegistry name node
94 silly mapToRegistry using default registry
95 silly mapToRegistry registry https://registry.npmjs.org/
96 silly mapToRegistry data Result {
96 silly mapToRegistry   raw: 'node',
96 silly mapToRegistry   scope: null,
96 silly mapToRegistry   escapedName: 'node',
96 silly mapToRegistry   name: 'node',
96 silly mapToRegistry   rawSpec: '',
96 silly mapToRegistry   spec: 'latest',
96 silly mapToRegistry   type: 'tag' }
97 silly mapToRegistry uri https://registry.npmjs.org/node
98 verbose addRemoteTarball https://registry.npmjs.org/node/-/node-8.3.0.tgz not in flight; adding
99 verbose addRemoteTarball [ 'https://registry.npmjs.org/node/-/node-8.3.0.tgz',
99 verbose addRemoteTarball   '478e84ffcc4be39938306ace1c4613c8231e5f44' ]
100 info retry fetch attempt 1 at 19:46:58
101 info attempt registry request try #1 at 19:46:58
102 http fetch GET https://registry.npmjs.org/mailer/-/mailer-0.6.7.tgz
103 info retry fetch attempt 1 at 19:46:58
104 info attempt registry request try #1 at 19:46:58
105 http fetch GET https://registry.npmjs.org/node/-/node-8.3.0.tgz
106 http fetch 200 https://registry.npmjs.org/node/-/node-8.3.0.tgz
107 http fetch 200 https://registry.npmjs.org/mailer/-/mailer-0.6.7.tgz
108 silly fetchAndShaCheck shasum 478e84ffcc4be39938306ace1c4613c8231e5f44
109 verbose addTmpTarball C:\Users\User\AppData\Local\Temp\npm-4700-1f2afe14\registry.npmjs.org\node\-\node-8.3.0.tgz not in flight; adding
110 verbose addTmpTarball already have metadata; skipping unpack for node@8.3.0
111 verbose correctMkdir C:\Users\User\AppData\Roaming\npm-cache correctMkdir not in flight; initializing
112 silly cache afterAdd node@8.3.0
113 verbose afterAdd C:\Users\User\AppData\Roaming\npm-cache\node\8.3.0\package\package.json not in flight; writing
114 verbose correctMkdir C:\Users\User\AppData\Roaming\npm-cache correctMkdir not in flight; initializing
115 verbose afterAdd C:\Users\User\AppData\Roaming\npm-cache\node\8.3.0\package\package.json written
116 silly fetchAndShaCheck shasum 012d69b2554864976d9d77f5326b35097653f653
117 verbose addTmpTarball C:\Users\User\AppData\Local\Temp\npm-4700-1f2afe14\registry.npmjs.org\mailer\-\mailer-0.6.7.tgz not in flight; adding
118 verbose addTmpTarball already have metadata; skipping unpack for mailer@0.6.7
119 verbose correctMkdir C:\Users\User\AppData\Roaming\npm-cache correctMkdir not in flight; initializing
120 silly cache afterAdd mailer@0.6.7
121 verbose afterAdd C:\Users\User\AppData\Roaming\npm-cache\mailer\0.6.7\package\package.json not in flight; writing
122 verbose correctMkdir C:\Users\User\AppData\Roaming\npm-cache correctMkdir not in flight; initializing
123 verbose afterAdd C:\Users\User\AppData\Roaming\npm-cache\mailer\0.6.7\package\package.json written
124 silly fetchNamedPackageData nodemailer
125 silly mapToRegistry name nodemailer
126 silly mapToRegistry using default registry
127 silly mapToRegistry registry https://registry.npmjs.org/
128 silly mapToRegistry data Result {
128 silly mapToRegistry   raw: 'nodemailer',
128 silly mapToRegistry   scope: null,
128 silly mapToRegistry   escapedName: 'nodemailer',
128 silly mapToRegistry   name: 'nodemailer',
128 silly mapToRegistry   rawSpec: '',
128 silly mapToRegistry   spec: 'latest',
128 silly mapToRegistry   type: 'tag' }
129 silly mapToRegistry uri https://registry.npmjs.org/nodemailer
130 silly fetchNamedPackageData colors
131 silly mapToRegistry name colors
132 silly mapToRegistry using default registry
133 silly mapToRegistry registry https://registry.npmjs.org/
134 silly mapToRegistry data Result {
134 silly mapToRegistry   raw: 'colors',
134 silly mapToRegistry   scope: null,
134 silly mapToRegistry   escapedName: 'colors',
134 silly mapToRegistry   name: 'colors',
134 silly mapToRegistry   rawSpec: '',
134 silly mapToRegistry   spec: 'latest',
134 silly mapToRegistry   type: 'tag' }
135 silly mapToRegistry uri https://registry.npmjs.org/colors
136 verbose request uri https://registry.npmjs.org/nodemailer
137 verbose request no auth needed
138 info attempt registry request try #1 at 19:46:58
139 http request GET https://registry.npmjs.org/nodemailer
140 verbose request uri https://registry.npmjs.org/colors
141 verbose request no auth needed
142 info attempt registry request try #1 at 19:46:58
143 http request GET https://registry.npmjs.org/colors
144 http 200 https://registry.npmjs.org/colors
145 verbose headers { server: 'nginx/1.10.1',
145 verbose headers   'content-type': 'application/json',
145 verbose headers   'last-modified': 'Fri, 22 Sep 2017 15:11:56 GMT',
145 verbose headers   etag: 'W/"59c5283c-5ab0"',
145 verbose headers   'content-encoding': 'gzip',
145 verbose headers   'cache-control': 'max-age=300',
145 verbose headers   'content-length': '6217',
145 verbose headers   'accept-ranges': 'bytes',
145 verbose headers   date: 'Wed, 27 Sep 2017 11:46:08 GMT',
145 verbose headers   via: '1.1 varnish',
145 verbose headers   age: '130',
145 verbose headers   connection: 'keep-alive',
145 verbose headers   'x-served-by': 'cache-itm7420-ITM',
145 verbose headers   'x-cache': 'HIT',
145 verbose headers   'x-cache-hits': '2',
145 verbose headers   'x-timer': 'S1506512768.206204,VS0,VE0',
145 verbose headers   vary: 'Accept-Encoding, Accept' }
146 silly get cb [ 200,
146 silly get   { server: 'nginx/1.10.1',
146 silly get     'content-type': 'application/json',
146 silly get     'last-modified': 'Fri, 22 Sep 2017 15:11:56 GMT',
146 silly get     etag: 'W/"59c5283c-5ab0"',
146 silly get     'content-encoding': 'gzip',
146 silly get     'cache-control': 'max-age=300',
146 silly get     'content-length': '6217',
146 silly get     'accept-ranges': 'bytes',
146 silly get     date: 'Wed, 27 Sep 2017 11:46:08 GMT',
146 silly get     via: '1.1 varnish',
146 silly get     age: '130',
146 silly get     connection: 'keep-alive',
146 silly get     'x-served-by': 'cache-itm7420-ITM',
146 silly get     'x-cache': 'HIT',
146 silly get     'x-cache-hits': '2',
146 silly get     'x-timer': 'S1506512768.206204,VS0,VE0',
146 silly get     vary: 'Accept-Encoding, Accept' } ]
147 verbose get saving colors to C:\Users\User\AppData\Roaming\npm-cache\registry.npmjs.org\colors\.cache.json
148 verbose correctMkdir C:\Users\User\AppData\Roaming\npm-cache correctMkdir not in flight; initializing
149 silly resolveWithNewModule colors@1.1.2 checking installable status
150 silly cache add args [ 'colors@>= 0.3.0', null ]
151 verbose cache add spec colors@>= 0.3.0
152 silly cache add parsed spec Result {
152 silly cache add   raw: 'colors@>= 0.3.0',
152 silly cache add   scope: null,
152 silly cache add   escapedName: 'colors',
152 silly cache add   name: 'colors',
152 silly cache add   rawSpec: '>= 0.3.0',
152 silly cache add   spec: '>=0.3.0',
152 silly cache add   type: 'range' }
153 silly addNamed colors@>=0.3.0
154 verbose addNamed ">=0.3.0" is a valid semver range for colors
155 silly addNameRange { name: 'colors', range: '>=0.3.0', hasData: false }
156 silly mapToRegistry name colors
157 silly mapToRegistry using default registry
158 silly mapToRegistry registry https://registry.npmjs.org/
159 silly mapToRegistry data Result {
159 silly mapToRegistry   raw: 'colors',
159 silly mapToRegistry   scope: null,
159 silly mapToRegistry   escapedName: 'colors',
159 silly mapToRegistry   name: 'colors',
159 silly mapToRegistry   rawSpec: '',
159 silly mapToRegistry   spec: 'latest',
159 silly mapToRegistry   type: 'tag' }
160 silly mapToRegistry uri https://registry.npmjs.org/colors
161 verbose addNameRange registry:https://registry.npmjs.org/colors not in flight; fetching
162 verbose get https://registry.npmjs.org/colors not expired, no request
163 silly addNameRange number 2 { name: 'colors', range: '>=0.3.0', hasData: true }
164 silly addNameRange versions [ 'colors',
164 silly addNameRange   [ '0.3.0',
164 silly addNameRange     '0.5.0',
164 silly addNameRange     '0.5.1',
164 silly addNameRange     '0.6.0',
164 silly addNameRange     '0.6.0-1',
164 silly addNameRange     '0.6.1',
164 silly addNameRange     '0.6.2',
164 silly addNameRange     '1.0.0',
164 silly addNameRange     '1.0.1',
164 silly addNameRange     '1.0.2',
164 silly addNameRange     '1.0.3',
164 silly addNameRange     '1.1.0',
164 silly addNameRange     '1.1.1',
164 silly addNameRange     '1.1.2' ] ]
165 silly addNamed colors@1.1.2
166 verbose addNamed "1.1.2" is a plain semver version for colors
167 silly mapToRegistry name colors
168 silly mapToRegistry using default registry
169 silly mapToRegistry registry https://registry.npmjs.org/
170 silly mapToRegistry data Result {
170 silly mapToRegistry   raw: 'colors',
170 silly mapToRegistry   scope: null,
170 silly mapToRegistry   escapedName: 'colors',
170 silly mapToRegistry   name: 'colors',
170 silly mapToRegistry   rawSpec: '',
170 silly mapToRegistry   spec: 'latest',
170 silly mapToRegistry   type: 'tag' }
171 silly mapToRegistry uri https://registry.npmjs.org/colors
172 verbose addRemoteTarball https://registry.npmjs.org/colors/-/colors-1.1.2.tgz not in flight; adding
173 verbose addRemoteTarball [ 'https://registry.npmjs.org/colors/-/colors-1.1.2.tgz',
173 verbose addRemoteTarball   '168a4701756b6a7f51a12ce0c97bfa28c084ed63' ]
174 info retry fetch attempt 1 at 19:46:58
175 info attempt registry request try #1 at 19:46:58
176 http fetch GET https://registry.npmjs.org/colors/-/colors-1.1.2.tgz
177 http fetch 200 https://registry.npmjs.org/colors/-/colors-1.1.2.tgz
178 silly fetchAndShaCheck shasum 168a4701756b6a7f51a12ce0c97bfa28c084ed63
179 verbose addTmpTarball C:\Users\User\AppData\Local\Temp\npm-4700-1f2afe14\registry.npmjs.org\colors\-\colors-1.1.2.tgz not in flight; adding
180 verbose addTmpTarball already have metadata; skipping unpack for colors@1.1.2
181 verbose correctMkdir C:\Users\User\AppData\Roaming\npm-cache correctMkdir not in flight; initializing
182 silly cache afterAdd colors@1.1.2
183 verbose afterAdd C:\Users\User\AppData\Roaming\npm-cache\colors\1.1.2\package\package.json not in flight; writing
184 verbose correctMkdir C:\Users\User\AppData\Roaming\npm-cache correctMkdir not in flight; initializing
185 verbose afterAdd C:\Users\User\AppData\Roaming\npm-cache\colors\1.1.2\package\package.json written
186 http 200 https://registry.npmjs.org/nodemailer
187 verbose headers { server: 'nginx/1.10.1',
187 verbose headers   'content-type': 'application/json',
187 verbose headers   'last-modified': 'Mon, 25 Sep 2017 18:17:29 GMT',
187 verbose headers   etag: 'W/"59c94839-425de"',
187 verbose headers   'content-encoding': 'gzip',
187 verbose headers   'cache-control': 'max-age=300',
187 verbose headers   'content-length': '22812',
187 verbose headers   'accept-ranges': 'bytes',
187 verbose headers   date: 'Wed, 27 Sep 2017 11:46:08 GMT',
187 verbose headers   via: '1.1 varnish',
187 verbose headers   age: '0',
187 verbose headers   connection: 'keep-alive',
187 verbose headers   'x-served-by': 'cache-itm7420-ITM',
187 verbose headers   'x-cache': 'HIT',
187 verbose headers   'x-cache-hits': '1',
187 verbose headers   'x-timer': 'S1506512768.208623,VS0,VE135',
187 verbose headers   vary: 'Accept-Encoding, Accept' }
188 silly get cb [ 200,
188 silly get   { server: 'nginx/1.10.1',
188 silly get     'content-type': 'application/json',
188 silly get     'last-modified': 'Mon, 25 Sep 2017 18:17:29 GMT',
188 silly get     etag: 'W/"59c94839-425de"',
188 silly get     'content-encoding': 'gzip',
188 silly get     'cache-control': 'max-age=300',
188 silly get     'content-length': '22812',
188 silly get     'accept-ranges': 'bytes',
188 silly get     date: 'Wed, 27 Sep 2017 11:46:08 GMT',
188 silly get     via: '1.1 varnish',
188 silly get     age: '0',
188 silly get     connection: 'keep-alive',
188 silly get     'x-served-by': 'cache-itm7420-ITM',
188 silly get     'x-cache': 'HIT',
188 silly get     'x-cache-hits': '1',
188 silly get     'x-timer': 'S1506512768.208623,VS0,VE135',
188 silly get     vary: 'Accept-Encoding, Accept' } ]
189 verbose get saving nodemailer to C:\Users\User\AppData\Roaming\npm-cache\registry.npmjs.org\nodemailer\.cache.json
190 verbose correctMkdir C:\Users\User\AppData\Roaming\npm-cache correctMkdir not in flight; initializing
191 silly resolveWithNewModule nodemailer@0.1.20 checking installable status
192 silly cache add args [ 'nodemailer@0.1.20', null ]
193 verbose cache add spec nodemailer@0.1.20
194 silly cache add parsed spec Result {
194 silly cache add   raw: 'nodemailer@0.1.20',
194 silly cache add   scope: null,
194 silly cache add   escapedName: 'nodemailer',
194 silly cache add   name: 'nodemailer',
194 silly cache add   rawSpec: '0.1.20',
194 silly cache add   spec: '0.1.20',
194 silly cache add   type: 'version' }
195 silly addNamed nodemailer@0.1.20
196 verbose addNamed "0.1.20" is a plain semver version for nodemailer
197 silly mapToRegistry name nodemailer
198 silly mapToRegistry using default registry
199 silly mapToRegistry registry https://registry.npmjs.org/
200 silly mapToRegistry data Result {
200 silly mapToRegistry   raw: 'nodemailer',
200 silly mapToRegistry   scope: null,
200 silly mapToRegistry   escapedName: 'nodemailer',
200 silly mapToRegistry   name: 'nodemailer',
200 silly mapToRegistry   rawSpec: '',
200 silly mapToRegistry   spec: 'latest',
200 silly mapToRegistry   type: 'tag' }
201 silly mapToRegistry uri https://registry.npmjs.org/nodemailer
202 verbose addNameVersion registry:https://registry.npmjs.org/nodemailer not in flight; fetching
203 verbose get https://registry.npmjs.org/nodemailer not expired, no request
204 warn deprecated nodemailer@0.1.20: All versions below 4.0.1 of Nodemailer are deprecated. See https://nodemailer.com/status/
205 silly mapToRegistry name nodemailer
206 silly mapToRegistry using default registry
207 silly mapToRegistry registry https://registry.npmjs.org/
208 silly mapToRegistry data Result {
208 silly mapToRegistry   raw: 'nodemailer',
208 silly mapToRegistry   scope: null,
208 silly mapToRegistry   escapedName: 'nodemailer',
208 silly mapToRegistry   name: 'nodemailer',
208 silly mapToRegistry   rawSpec: '',
208 silly mapToRegistry   spec: 'latest',
208 silly mapToRegistry   type: 'tag' }
209 silly mapToRegistry uri https://registry.npmjs.org/nodemailer
210 verbose addRemoteTarball https://registry.npmjs.org/nodemailer/-/nodemailer-0.1.20.tgz not in flight; adding
211 verbose addRemoteTarball [ 'https://registry.npmjs.org/nodemailer/-/nodemailer-0.1.20.tgz',
211 verbose addRemoteTarball   'a91748a448eddf35fe24d7272c8187ddcc38e253' ]
212 info retry fetch attempt 1 at 19:46:58
213 info attempt registry request try #1 at 19:46:58
214 http fetch GET https://registry.npmjs.org/nodemailer/-/nodemailer-0.1.20.tgz
215 http fetch 200 https://registry.npmjs.org/nodemailer/-/nodemailer-0.1.20.tgz
216 silly fetchAndShaCheck shasum a91748a448eddf35fe24d7272c8187ddcc38e253
217 verbose addTmpTarball C:\Users\User\AppData\Local\Temp\npm-4700-1f2afe14\registry.npmjs.org\nodemailer\-\nodemailer-0.1.20.tgz not in flight; adding
218 verbose addTmpTarball already have metadata; skipping unpack for nodemailer@0.1.20
219 verbose correctMkdir C:\Users\User\AppData\Roaming\npm-cache correctMkdir not in flight; initializing
220 silly cache afterAdd nodemailer@0.1.20
221 verbose afterAdd C:\Users\User\AppData\Roaming\npm-cache\nodemailer\0.1.20\package\package.json not in flight; writing
222 verbose correctMkdir C:\Users\User\AppData\Roaming\npm-cache correctMkdir not in flight; initializing
223 verbose afterAdd C:\Users\User\AppData\Roaming\npm-cache\nodemailer\0.1.20\package\package.json written
224 silly fetchNamedPackageData mimelib-noiconv
225 silly mapToRegistry name mimelib-noiconv
226 silly mapToRegistry using default registry
227 silly mapToRegistry registry https://registry.npmjs.org/
228 silly mapToRegistry data Result {
228 silly mapToRegistry   raw: 'mimelib-noiconv',
228 silly mapToRegistry   scope: null,
228 silly mapToRegistry   escapedName: 'mimelib-noiconv',
228 silly mapToRegistry   name: 'mimelib-noiconv',
228 silly mapToRegistry   rawSpec: '',
228 silly mapToRegistry   spec: 'latest',
228 silly mapToRegistry   type: 'tag' }
229 silly mapToRegistry uri https://registry.npmjs.org/mimelib-noiconv
230 verbose request uri https://registry.npmjs.org/mimelib-noiconv
231 verbose request no auth needed
232 info attempt registry request try #1 at 19:46:59
233 http request GET https://registry.npmjs.org/mimelib-noiconv
234 http 200 https://registry.npmjs.org/mimelib-noiconv
235 verbose headers { server: 'nginx/1.10.1',
235 verbose headers   'content-type': 'application/json',
235 verbose headers   'last-modified': 'Thu, 02 Aug 2012 13:44:39 GMT',
235 verbose headers   etag: 'W/"501a8447-23ab"',
235 verbose headers   'content-encoding': 'gzip',
235 verbose headers   'cache-control': 'max-age=300',
235 verbose headers   'content-length': '1388',
235 verbose headers   'accept-ranges': 'bytes',
235 verbose headers   date: 'Wed, 27 Sep 2017 11:46:08 GMT',
235 verbose headers   via: '1.1 varnish',
235 verbose headers   age: '0',
235 verbose headers   connection: 'keep-alive',
235 verbose headers   'x-served-by': 'cache-itm7420-ITM',
235 verbose headers   'x-cache': 'MISS',
235 verbose headers   'x-cache-hits': '0',
235 verbose headers   'x-timer': 'S1506512769.624926,VS0,VE137',
235 verbose headers   vary: 'Accept-Encoding, Accept' }
236 silly get cb [ 200,
236 silly get   { server: 'nginx/1.10.1',
236 silly get     'content-type': 'application/json',
236 silly get     'last-modified': 'Thu, 02 Aug 2012 13:44:39 GMT',
236 silly get     etag: 'W/"501a8447-23ab"',
236 silly get     'content-encoding': 'gzip',
236 silly get     'cache-control': 'max-age=300',
236 silly get     'content-length': '1388',
236 silly get     'accept-ranges': 'bytes',
236 silly get     date: 'Wed, 27 Sep 2017 11:46:08 GMT',
236 silly get     via: '1.1 varnish',
236 silly get     age: '0',
236 silly get     connection: 'keep-alive',
236 silly get     'x-served-by': 'cache-itm7420-ITM',
236 silly get     'x-cache': 'MISS',
236 silly get     'x-cache-hits': '0',
236 silly get     'x-timer': 'S1506512769.624926,VS0,VE137',
236 silly get     vary: 'Accept-Encoding, Accept' } ]
237 verbose get saving mimelib-noiconv to C:\Users\User\AppData\Roaming\npm-cache\registry.npmjs.org\mimelib-noiconv\.cache.json
238 verbose correctMkdir C:\Users\User\AppData\Roaming\npm-cache correctMkdir not in flight; initializing
239 silly resolveWithNewModule mimelib-noiconv@0.1.9 checking installable status
240 silly cache add args [ 'mimelib-noiconv@*', null ]
241 verbose cache add spec mimelib-noiconv@*
242 silly cache add parsed spec Result {
242 silly cache add   raw: 'mimelib-noiconv@*',
242 silly cache add   scope: null,
242 silly cache add   escapedName: 'mimelib-noiconv',
242 silly cache add   name: 'mimelib-noiconv',
242 silly cache add   rawSpec: '*',
242 silly cache add   spec: '*',
242 silly cache add   type: 'range' }
243 silly addNamed mimelib-noiconv@*
244 verbose addNamed "*" is a valid semver range for mimelib-noiconv
245 silly addNameRange { name: 'mimelib-noiconv', range: '*', hasData: false }
246 silly mapToRegistry name mimelib-noiconv
247 silly mapToRegistry using default registry
248 silly mapToRegistry registry https://registry.npmjs.org/
249 silly mapToRegistry data Result {
249 silly mapToRegistry   raw: 'mimelib-noiconv',
249 silly mapToRegistry   scope: null,
249 silly mapToRegistry   escapedName: 'mimelib-noiconv',
249 silly mapToRegistry   name: 'mimelib-noiconv',
249 silly mapToRegistry   rawSpec: '',
249 silly mapToRegistry   spec: 'latest',
249 silly mapToRegistry   type: 'tag' }
250 silly mapToRegistry uri https://registry.npmjs.org/mimelib-noiconv
251 verbose addNameRange registry:https://registry.npmjs.org/mimelib-noiconv not in flight; fetching
252 verbose get https://registry.npmjs.org/mimelib-noiconv not expired, no request
253 silly addNameRange number 2 { name: 'mimelib-noiconv', range: '*', hasData: true }
254 silly addNameRange versions [ 'mimelib-noiconv',
254 silly addNameRange   [ '0.1.2',
254 silly addNameRange     '0.1.3',
254 silly addNameRange     '0.1.4',
254 silly addNameRange     '0.1.5',
254 silly addNameRange     '0.1.6',
254 silly addNameRange     '0.1.7',
254 silly addNameRange     '0.1.8',
254 silly addNameRange     '0.1.9' ] ]
255 silly addNamed mimelib-noiconv@0.1.9
256 verbose addNamed "0.1.9" is a plain semver version for mimelib-noiconv
257 silly mapToRegistry name mimelib-noiconv
258 silly mapToRegistry using default registry
259 silly mapToRegistry registry https://registry.npmjs.org/
260 silly mapToRegistry data Result {
260 silly mapToRegistry   raw: 'mimelib-noiconv',
260 silly mapToRegistry   scope: null,
260 silly mapToRegistry   escapedName: 'mimelib-noiconv',
260 silly mapToRegistry   name: 'mimelib-noiconv',
260 silly mapToRegistry   rawSpec: '',
260 silly mapToRegistry   spec: 'latest',
260 silly mapToRegistry   type: 'tag' }
261 silly mapToRegistry uri https://registry.npmjs.org/mimelib-noiconv
262 verbose addRemoteTarball https://registry.npmjs.org/mimelib-noiconv/-/mimelib-noiconv-0.1.9.tgz not in flight; adding
263 verbose addRemoteTarball [ 'https://registry.npmjs.org/mimelib-noiconv/-/mimelib-noiconv-0.1.9.tgz',
263 verbose addRemoteTarball   'eadce6f9ce226842501a203e95bcee96af8189f2' ]
264 info retry fetch attempt 1 at 19:46:59
265 info attempt registry request try #1 at 19:46:59
266 http fetch GET https://registry.npmjs.org/mimelib-noiconv/-/mimelib-noiconv-0.1.9.tgz
267 http fetch 200 https://registry.npmjs.org/mimelib-noiconv/-/mimelib-noiconv-0.1.9.tgz
268 silly fetchAndShaCheck shasum eadce6f9ce226842501a203e95bcee96af8189f2
269 verbose addTmpTarball C:\Users\User\AppData\Local\Temp\npm-4700-1f2afe14\registry.npmjs.org\mimelib-noiconv\-\mimelib-noiconv-0.1.9.tgz not in flight; adding
270 verbose addTmpTarball already have metadata; skipping unpack for mimelib-noiconv@0.1.9
271 verbose correctMkdir C:\Users\User\AppData\Roaming\npm-cache correctMkdir not in flight; initializing
272 silly cache afterAdd mimelib-noiconv@0.1.9
273 verbose afterAdd C:\Users\User\AppData\Roaming\npm-cache\mimelib-noiconv\0.1.9\package\package.json not in flight; writing
274 verbose correctMkdir C:\Users\User\AppData\Roaming\npm-cache correctMkdir not in flight; initializing
275 verbose afterAdd C:\Users\User\AppData\Roaming\npm-cache\mimelib-noiconv\0.1.9\package\package.json written
276 silly fetchNamedPackageData node-bin-setup
277 silly mapToRegistry name node-bin-setup
278 silly mapToRegistry using default registry
279 silly mapToRegistry registry https://registry.npmjs.org/
280 silly mapToRegistry data Result {
280 silly mapToRegistry   raw: 'node-bin-setup',
280 silly mapToRegistry   scope: null,
280 silly mapToRegistry   escapedName: 'node-bin-setup',
280 silly mapToRegistry   name: 'node-bin-setup',
280 silly mapToRegistry   rawSpec: '',
280 silly mapToRegistry   spec: 'latest',
280 silly mapToRegistry   type: 'tag' }
281 silly mapToRegistry uri https://registry.npmjs.org/node-bin-setup
282 verbose request uri https://registry.npmjs.org/node-bin-setup
283 verbose request no auth needed
284 info attempt registry request try #1 at 19:46:59
285 http request GET https://registry.npmjs.org/node-bin-setup
286 http 200 https://registry.npmjs.org/node-bin-setup
287 verbose headers { server: 'nginx/1.10.1',
287 verbose headers   'content-type': 'application/json',
287 verbose headers   'last-modified': 'Tue, 25 Jul 2017 03:32:58 GMT',
287 verbose headers   etag: 'W/"5976bbea-1511"',
287 verbose headers   'content-encoding': 'gzip',
287 verbose headers   'cache-control': 'max-age=300',
287 verbose headers   'content-length': '1464',
287 verbose headers   'accept-ranges': 'bytes',
287 verbose headers   date: 'Wed, 27 Sep 2017 11:46:09 GMT',
287 verbose headers   via: '1.1 varnish',
287 verbose headers   age: '0',
287 verbose headers   connection: 'keep-alive',
287 verbose headers   'x-served-by': 'cache-itm7420-ITM',
287 verbose headers   'x-cache': 'MISS',
287 verbose headers   'x-cache-hits': '0',
287 verbose headers   'x-timer': 'S1506512769.961160,VS0,VE201',
287 verbose headers   vary: 'Accept-Encoding, Accept' }
288 silly get cb [ 200,
288 silly get   { server: 'nginx/1.10.1',
288 silly get     'content-type': 'application/json',
288 silly get     'last-modified': 'Tue, 25 Jul 2017 03:32:58 GMT',
288 silly get     etag: 'W/"5976bbea-1511"',
288 silly get     'content-encoding': 'gzip',
288 silly get     'cache-control': 'max-age=300',
288 silly get     'content-length': '1464',
288 silly get     'accept-ranges': 'bytes',
288 silly get     date: 'Wed, 27 Sep 2017 11:46:09 GMT',
288 silly get     via: '1.1 varnish',
288 silly get     age: '0',
288 silly get     connection: 'keep-alive',
288 silly get     'x-served-by': 'cache-itm7420-ITM',
288 silly get     'x-cache': 'MISS',
288 silly get     'x-cache-hits': '0',
288 silly get     'x-timer': 'S1506512769.961160,VS0,VE201',
288 silly get     vary: 'Accept-Encoding, Accept' } ]
289 verbose get saving node-bin-setup to C:\Users\User\AppData\Roaming\npm-cache\registry.npmjs.org\node-bin-setup\.cache.json
290 verbose correctMkdir C:\Users\User\AppData\Roaming\npm-cache correctMkdir not in flight; initializing
291 silly resolveWithNewModule node-bin-setup@1.0.6 checking installable status
292 silly cache add args [ 'node-bin-setup@^1.0.0', null ]
293 verbose cache add spec node-bin-setup@^1.0.0
294 silly cache add parsed spec Result {
294 silly cache add   raw: 'node-bin-setup@^1.0.0',
294 silly cache add   scope: null,
294 silly cache add   escapedName: 'node-bin-setup',
294 silly cache add   name: 'node-bin-setup',
294 silly cache add   rawSpec: '^1.0.0',
294 silly cache add   spec: '>=1.0.0 <2.0.0',
294 silly cache add   type: 'range' }
295 silly addNamed node-bin-setup@>=1.0.0 <2.0.0
296 verbose addNamed ">=1.0.0 <2.0.0" is a valid semver range for node-bin-setup
297 silly addNameRange { name: 'node-bin-setup',
297 silly addNameRange   range: '>=1.0.0 <2.0.0',
297 silly addNameRange   hasData: false }
298 silly mapToRegistry name node-bin-setup
299 silly mapToRegistry using default registry
300 silly mapToRegistry registry https://registry.npmjs.org/
301 silly mapToRegistry data Result {
301 silly mapToRegistry   raw: 'node-bin-setup',
301 silly mapToRegistry   scope: null,
301 silly mapToRegistry   escapedName: 'node-bin-setup',
301 silly mapToRegistry   name: 'node-bin-setup',
301 silly mapToRegistry   rawSpec: '',
301 silly mapToRegistry   spec: 'latest',
301 silly mapToRegistry   type: 'tag' }
302 silly mapToRegistry uri https://registry.npmjs.org/node-bin-setup
303 verbose addNameRange registry:https://registry.npmjs.org/node-bin-setup not in flight; fetching
304 verbose get https://registry.npmjs.org/node-bin-setup not expired, no request
305 silly addNameRange number 2 { name: 'node-bin-setup',
305 silly addNameRange   range: '>=1.0.0 <2.0.0',
305 silly addNameRange   hasData: true }
306 silly addNameRange versions [ 'node-bin-setup',
306 silly addNameRange   [ '1.0.0', '1.0.1', '1.0.2', '1.0.3', '1.0.4', '1.0.6' ] ]
307 silly addNamed node-bin-setup@1.0.6
308 verbose addNamed "1.0.6" is a plain semver version for node-bin-setup
309 silly mapToRegistry name node-bin-setup
310 silly mapToRegistry using default registry
311 silly mapToRegistry registry https://registry.npmjs.org/
312 silly mapToRegistry data Result {
312 silly mapToRegistry   raw: 'node-bin-setup',
312 silly mapToRegistry   scope: null,
312 silly mapToRegistry   escapedName: 'node-bin-setup',
312 silly mapToRegistry   name: 'node-bin-setup',
312 silly mapToRegistry   rawSpec: '',
312 silly mapToRegistry   spec: 'latest',
312 silly mapToRegistry   type: 'tag' }
313 silly mapToRegistry uri https://registry.npmjs.org/node-bin-setup
314 verbose addRemoteTarball https://registry.npmjs.org/node-bin-setup/-/node-bin-setup-1.0.6.tgz not in flight; adding
315 verbose addRemoteTarball [ 'https://registry.npmjs.org/node-bin-setup/-/node-bin-setup-1.0.6.tgz',
315 verbose addRemoteTarball   '4b5c9bb937ece702d7069b36ca78af4684677528' ]
316 info retry fetch attempt 1 at 19:46:59
317 info attempt registry request try #1 at 19:46:59
318 http fetch GET https://registry.npmjs.org/node-bin-setup/-/node-bin-setup-1.0.6.tgz
319 http fetch 200 https://registry.npmjs.org/node-bin-setup/-/node-bin-setup-1.0.6.tgz
320 silly fetchAndShaCheck shasum 4b5c9bb937ece702d7069b36ca78af4684677528
321 verbose addTmpTarball C:\Users\User\AppData\Local\Temp\npm-4700-1f2afe14\registry.npmjs.org\node-bin-setup\-\node-bin-setup-1.0.6.tgz not in flight; adding
322 verbose addTmpTarball already have metadata; skipping unpack for node-bin-setup@1.0.6
323 verbose correctMkdir C:\Users\User\AppData\Roaming\npm-cache correctMkdir not in flight; initializing
324 silly cache afterAdd node-bin-setup@1.0.6
325 verbose afterAdd C:\Users\User\AppData\Roaming\npm-cache\node-bin-setup\1.0.6\package\package.json not in flight; writing
326 verbose correctMkdir C:\Users\User\AppData\Roaming\npm-cache correctMkdir not in flight; initializing
327 verbose afterAdd C:\Users\User\AppData\Roaming\npm-cache\node-bin-setup\1.0.6\package\package.json written
328 silly loadAllDepsIntoIdealTree Finishing
329 silly loadIdealTree Finishing
330 silly currentTree travelproject@0.0.0
330 silly currentTree +-- @google/maps@0.3.1
330 silly currentTree +-- accepts@1.3.3
330 silly currentTree +-- array-flatten@1.1.1
330 silly currentTree +-- async@2.5.0
330 silly currentTree | `-- lodash@4.17.4
330 silly currentTree +-- basic-auth@1.0.4
330 silly currentTree +-- better-js-class@0.1.3
330 silly currentTree +-- bignumber.js@3.1.2
330 silly currentTree +-- body-parser@1.16.1
330 silly currentTree | `-- debug@2.6.1
330 silly currentTree +-- bytes@2.4.0
330 silly currentTree +-- cheerio@1.0.0-rc.2
330 silly currentTree | +-- css-select@1.2.0
330 silly currentTree | | +-- boolbase@1.0.0
330 silly currentTree | | +-- css-what@2.1.0
330 silly currentTree | | +-- domutils@1.5.1
330 silly currentTree | | | `-- domelementtype@1.3.0
330 silly currentTree | | `-- nth-check@1.0.1
330 silly currentTree | +-- dom-serializer@0.1.0
330 silly currentTree | | `-- domelementtype@1.1.3
330 silly currentTree | +-- entities@1.1.1
330 silly currentTree | +-- htmlparser2@3.9.2
330 silly currentTree | | +-- domelementtype@1.3.0
330 silly currentTree | | +-- domhandler@2.4.1
330 silly currentTree | | +-- domutils@1.6.2
330 silly currentTree | | `-- readable-stream@2.3.3
330 silly currentTree | |   +-- isarray@1.0.0
330 silly currentTree | |   +-- process-nextick-args@1.0.7
330 silly currentTree | |   +-- safe-buffer@5.1.1
330 silly currentTree | |   +-- string_decoder@1.0.3
330 silly currentTree | |   `-- util-deprecate@1.0.2
330 silly currentTree | +-- lodash@4.17.4
330 silly currentTree | `-- parse5@3.0.2
330 silly currentTree |   `-- @types/node@6.0.84
330 silly currentTree +-- commander@2.9.0
330 silly currentTree +-- content-disposition@0.5.2
330 silly currentTree +-- content-type@1.0.2
330 silly currentTree +-- cookie-parser@1.4.3
330 silly currentTree +-- cookie-signature@1.0.6
330 silly currentTree +-- cookie@0.3.1
330 silly currentTree +-- core-util-is@1.0.2
330 silly currentTree +-- cps@1.0.2
330 silly currentTree +-- debug@2.6.3
330 silly currentTree +-- depd@1.1.0
330 silly currentTree +-- destroy@1.0.4
330 silly currentTree +-- easymysql@0.2.7
330 silly currentTree +-- ee-first@1.1.1
330 silly currentTree +-- ejs@2.5.6
330 silly currentTree +-- encodeurl@1.0.1
330 silly currentTree +-- escape-html@1.0.3
330 silly currentTree +-- etag@1.7.0
330 silly currentTree +-- express-generator@4.14.1
330 silly currentTree +-- express@4.14.1
330 silly currentTree | +-- debug@2.2.0
330 silly currentTree | | `-- ms@0.7.1
330 silly currentTree | `-- qs@6.2.0
330 silly currentTree +-- finalhandler@0.5.1
330 silly currentTree | +-- debug@2.2.0
330 silly currentTree | `-- ms@0.7.1
330 silly currentTree +-- forwarded@0.1.0
330 silly currentTree +-- fresh@0.3.0
330 silly currentTree +-- fs@0.0.1-security
330 silly currentTree +-- google-distance@1.0.1
330 silly currentTree | `-- request@2.34.0
330 silly currentTree |   +-- aws-sign2@0.5.0
330 silly currentTree |   +-- forever-agent@0.5.2
330 silly currentTree |   +-- form-data@0.1.4
330 silly currentTree |   | +-- async@0.9.2
330 silly currentTree |   | `-- combined-stream@0.0.7
330 silly currentTree |   |   `-- delayed-stream@0.0.5
330 silly currentTree |   +-- hawk@1.0.0
330 silly currentTree |   | +-- boom@0.4.2
330 silly currentTree |   | +-- cryptiles@0.2.2
330 silly currentTree |   | +-- hoek@0.9.1
330 silly currentTree |   | `-- sntp@0.2.4
330 silly currentTree |   +-- http-signature@0.10.1
330 silly currentTree |   | +-- asn1@0.1.11
330 silly currentTree |   | +-- assert-plus@0.1.5
330 silly currentTree |   | `-- ctype@0.5.3
330 silly currentTree |   +-- json-stringify-safe@5.0.1
330 silly currentTree |   +-- mime@1.2.11
330 silly currentTree |   +-- node-uuid@1.4.8
330 silly currentTree |   +-- oauth-sign@0.3.0
330 silly currentTree |   +-- qs@0.6.6
330 silly currentTree |   +-- tough-cookie@2.3.2
330 silly currentTree |   | `-- punycode@1.4.1
330 silly currentTree |   `-- tunnel-agent@0.3.0
330 silly currentTree +-- graceful-readlink@1.0.1
330 silly currentTree +-- http-errors@1.5.1
330 silly currentTree +-- http@0.0.0
330 silly currentTree +-- https@1.0.0
330 silly currentTree +-- iconv-lite@0.4.15
330 silly currentTree +-- image-downloader@3.2.2
330 silly currentTree +-- inherits@2.0.3
330 silly currentTree +-- ipaddr.js@1.3.0
330 silly currentTree +-- isarray@0.0.1
330 silly currentTree +-- media-typer@0.3.0
330 silly currentTree +-- merge-descriptors@1.0.1
330 silly currentTree +-- methods@1.1.2
330 silly currentTree +-- mime-db@1.27.0
330 silly currentTree +-- mime-types@2.1.15
330 silly currentTree +-- mime@1.3.4
330 silly currentTree +-- minimist@0.0.8
330 silly currentTree +-- mkdirp@0.5.1
330 silly currentTree +-- morgan@1.7.0
330 silly currentTree | +-- debug@2.2.0
330 silly currentTree | `-- ms@0.7.1
330 silly currentTree +-- ms@0.7.2
330 silly currentTree +-- mysql-robin@2.0.8
330 silly currentTree +-- mysql@2.13.0
330 silly currentTree +-- negotiator@0.6.1
330 silly currentTree +-- node-mysql@0.4.2
330 silly currentTree +-- on-finished@2.3.0
330 silly currentTree +-- on-headers@1.0.1
330 silly currentTree +-- parseurl@1.3.1
330 silly currentTree +-- path-to-regexp@0.1.7
330 silly currentTree +-- proxy-addr@1.1.4
330 silly currentTree +-- punycode@1.3.2
330 silly currentTree +-- qs@6.2.1
330 silly currentTree +-- querystring@0.2.0
330 silly currentTree +-- range-parser@1.2.0
330 silly currentTree +-- raw-body@2.2.0
330 silly currentTree +-- readable-stream@1.1.14
330 silly currentTree +-- request@2.81.0
330 silly currentTree | +-- aws-sign2@0.6.0
330 silly currentTree | +-- aws4@1.6.0
330 silly currentTree | +-- caseless@0.12.0
330 silly currentTree | +-- combined-stream@1.0.5
330 silly currentTree | | `-- delayed-stream@1.0.0
330 silly currentTree | +-- extend@3.0.1
330 silly currentTree | +-- forever-agent@0.6.1
330 silly currentTree | +-- form-data@2.1.4
330 silly currentTree | | `-- asynckit@0.4.0
330 silly currentTree | +-- har-validator@4.2.1
330 silly currentTree | | +-- ajv@4.11.8
330 silly currentTree | | | +-- co@4.6.0
330 silly currentTree | | | `-- json-stable-stringify@1.0.1
330 silly currentTree | | |   `-- jsonify@0.0.0
330 silly currentTree | | `-- har-schema@1.0.5
330 silly currentTree | +-- hawk@3.1.3
330 silly currentTree | | +-- boom@2.10.1
330 silly currentTree | | +-- cryptiles@2.0.5
330 silly currentTree | | +-- hoek@2.16.3
330 silly currentTree | | `-- sntp@1.0.9
330 silly currentTree | +-- http-signature@1.1.1
330 silly currentTree | | +-- assert-plus@0.2.0
330 silly currentTree | | +-- jsprim@1.4.0
330 silly currentTree | | | +-- assert-plus@1.0.0
330 silly currentTree | | | +-- extsprintf@1.0.2
330 silly currentTree | | | +-- json-schema@0.2.3
330 silly currentTree | | | `-- verror@1.3.6
330 silly currentTree | | `-- sshpk@1.13.1
330 silly currentTree | |   +-- asn1@0.2.3
330 silly currentTree | |   +-- assert-plus@1.0.0
330 silly currentTree | |   +-- bcrypt-pbkdf@1.0.1
330 silly currentTree | |   +-- dashdash@1.14.1
330 silly currentTree | |   +-- ecc-jsbn@0.1.1
330 silly currentTree | |   +-- getpass@0.1.7
330 silly currentTree | |   +-- jsbn@0.1.1
330 silly currentTree | |   `-- tweetnacl@0.14.5
330 silly currentTree | +-- is-typedarray@1.0.0
330 silly currentTree | +-- isstream@0.1.2
330 silly currentTree | +-- json-stringify-safe@5.0.1
330 silly currentTree | +-- oauth-sign@0.8.2
330 silly currentTree | +-- performance-now@0.2.0
330 silly currentTree | +-- qs@6.4.0
330 silly currentTree | +-- safe-buffer@5.1.1
330 silly currentTree | +-- stringstream@0.0.5
330 silly currentTree | +-- tough-cookie@2.3.2
330 silly currentTree | | `-- punycode@1.4.1
330 silly currentTree | +-- tunnel-agent@0.6.0
330 silly currentTree | `-- uuid@3.1.0
330 silly currentTree +-- require-all@0.0.3
330 silly currentTree +-- safequeue@0.0.2
330 silly currentTree +-- send@0.14.2
330 silly currentTree | `-- debug@2.2.0
330 silly currentTree |   `-- ms@0.7.1
330 silly currentTree +-- serve-favicon@2.3.2
330 silly currentTree +-- serve-static@1.11.2
330 silly currentTree +-- setprototypeof@1.0.2
330 silly currentTree +-- sorted-object@2.0.1
330 silly currentTree +-- sqlstring@2.2.0
330 silly currentTree +-- statuses@1.3.1
330 silly currentTree +-- string_decoder@0.10.31
330 silly currentTree +-- superagent@3.5.2
330 silly currentTree | +-- component-emitter@1.2.1
330 silly currentTree | +-- cookiejar@2.1.1
330 silly currentTree | +-- extend@3.0.1
330 silly currentTree | +-- form-data@2.2.0
330 silly currentTree | | +-- asynckit@0.4.0
330 silly currentTree | | `-- combined-stream@1.0.5
330 silly currentTree | |   `-- delayed-stream@1.0.0
330 silly currentTree | +-- formidable@1.1.1
330 silly currentTree | `-- readable-stream@2.3.3
330 silly currentTree |   +-- isarray@1.0.0
330 silly currentTree |   +-- process-nextick-args@1.0.7
330 silly currentTree |   +-- safe-buffer@5.1.1
330 silly currentTree |   +-- string_decoder@1.0.3
330 silly currentTree |   `-- util-deprecate@1.0.2
330 silly currentTree +-- type-is@1.6.14
330 silly currentTree +-- underscore@1.8.3
330 silly currentTree +-- unpipe@1.0.0
330 silly currentTree +-- url@0.11.0
330 silly currentTree +-- utils-merge@1.0.0
330 silly currentTree `-- vary@1.1.1
331 silly idealTree travelproject@0.0.0
331 silly idealTree +-- @google/maps@0.3.1
331 silly idealTree +-- accepts@1.3.3
331 silly idealTree +-- array-flatten@1.1.1
331 silly idealTree +-- async@2.5.0
331 silly idealTree | `-- lodash@4.17.4
331 silly idealTree +-- basic-auth@1.0.4
331 silly idealTree +-- better-js-class@0.1.3
331 silly idealTree +-- bignumber.js@3.1.2
331 silly idealTree +-- body-parser@1.16.1
331 silly idealTree | `-- debug@2.6.1
331 silly idealTree +-- bytes@2.4.0
331 silly idealTree +-- cheerio@1.0.0-rc.2
331 silly idealTree | +-- css-select@1.2.0
331 silly idealTree | | +-- boolbase@1.0.0
331 silly idealTree | | +-- css-what@2.1.0
331 silly idealTree | | +-- domutils@1.5.1
331 silly idealTree | | | `-- domelementtype@1.3.0
331 silly idealTree | | `-- nth-check@1.0.1
331 silly idealTree | +-- dom-serializer@0.1.0
331 silly idealTree | | `-- domelementtype@1.1.3
331 silly idealTree | +-- entities@1.1.1
331 silly idealTree | +-- htmlparser2@3.9.2
331 silly idealTree | | +-- domelementtype@1.3.0
331 silly idealTree | | +-- domhandler@2.4.1
331 silly idealTree | | +-- domutils@1.6.2
331 silly idealTree | | `-- readable-stream@2.3.3
331 silly idealTree | |   +-- isarray@1.0.0
331 silly idealTree | |   +-- process-nextick-args@1.0.7
331 silly idealTree | |   +-- safe-buffer@5.1.1
331 silly idealTree | |   +-- string_decoder@1.0.3
331 silly idealTree | |   `-- util-deprecate@1.0.2
331 silly idealTree | +-- lodash@4.17.4
331 silly idealTree | `-- parse5@3.0.2
331 silly idealTree |   `-- @types/node@6.0.84
331 silly idealTree +-- colors@1.1.2
331 silly idealTree +-- commander@2.9.0
331 silly idealTree +-- content-disposition@0.5.2
331 silly idealTree +-- content-type@1.0.2
331 silly idealTree +-- cookie-parser@1.4.3
331 silly idealTree +-- cookie-signature@1.0.6
331 silly idealTree +-- cookie@0.3.1
331 silly idealTree +-- core-util-is@1.0.2
331 silly idealTree +-- cps@1.0.2
331 silly idealTree +-- debug@2.6.3
331 silly idealTree +-- depd@1.1.0
331 silly idealTree +-- destroy@1.0.4
331 silly idealTree +-- easymysql@0.2.7
331 silly idealTree +-- ee-first@1.1.1
331 silly idealTree +-- ejs@2.5.6
331 silly idealTree +-- encodeurl@1.0.1
331 silly idealTree +-- escape-html@1.0.3
331 silly idealTree +-- etag@1.7.0
331 silly idealTree +-- express-generator@4.14.1
331 silly idealTree +-- express@4.14.1
331 silly idealTree | +-- debug@2.2.0
331 silly idealTree | | `-- ms@0.7.1
331 silly idealTree | `-- qs@6.2.0
331 silly idealTree +-- finalhandler@0.5.1
331 silly idealTree | +-- debug@2.2.0
331 silly idealTree | `-- ms@0.7.1
331 silly idealTree +-- forwarded@0.1.0
331 silly idealTree +-- fresh@0.3.0
331 silly idealTree +-- fs@0.0.1-security
331 silly idealTree +-- google-distance@1.0.1
331 silly idealTree | `-- request@2.34.0
331 silly idealTree |   +-- aws-sign2@0.5.0
331 silly idealTree |   +-- forever-agent@0.5.2
331 silly idealTree |   +-- form-data@0.1.4
331 silly idealTree |   | +-- async@0.9.2
331 silly idealTree |   | `-- combined-stream@0.0.7
331 silly idealTree |   |   `-- delayed-stream@0.0.5
331 silly idealTree |   +-- hawk@1.0.0
331 silly idealTree |   | +-- boom@0.4.2
331 silly idealTree |   | +-- cryptiles@0.2.2
331 silly idealTree |   | +-- hoek@0.9.1
331 silly idealTree |   | `-- sntp@0.2.4
331 silly idealTree |   +-- http-signature@0.10.1
331 silly idealTree |   | +-- asn1@0.1.11
331 silly idealTree |   | +-- assert-plus@0.1.5
331 silly idealTree |   | `-- ctype@0.5.3
331 silly idealTree |   +-- json-stringify-safe@5.0.1
331 silly idealTree |   +-- mime@1.2.11
331 silly idealTree |   +-- node-uuid@1.4.8
331 silly idealTree |   +-- oauth-sign@0.3.0
331 silly idealTree |   +-- qs@0.6.6
331 silly idealTree |   +-- tough-cookie@2.3.2
331 silly idealTree |   | `-- punycode@1.4.1
331 silly idealTree |   `-- tunnel-agent@0.3.0
331 silly idealTree +-- graceful-readlink@1.0.1
331 silly idealTree +-- http-errors@1.5.1
331 silly idealTree +-- http@0.0.0
331 silly idealTree +-- https@1.0.0
331 silly idealTree +-- iconv-lite@0.4.15
331 silly idealTree +-- image-downloader@3.2.2
331 silly idealTree +-- inherits@2.0.3
331 silly idealTree +-- ipaddr.js@1.3.0
331 silly idealTree +-- isarray@0.0.1
331 silly idealTree +-- mailer@0.6.7
331 silly idealTree +-- media-typer@0.3.0
331 silly idealTree +-- merge-descriptors@1.0.1
331 silly idealTree +-- methods@1.1.2
331 silly idealTree +-- mime-db@1.27.0
331 silly idealTree +-- mime-types@2.1.15
331 silly idealTree +-- mime@1.3.4
331 silly idealTree +-- mimelib-noiconv@0.1.9
331 silly idealTree +-- minimist@0.0.8
331 silly idealTree +-- mkdirp@0.5.1
331 silly idealTree +-- morgan@1.7.0
331 silly idealTree | +-- debug@2.2.0
331 silly idealTree | `-- ms@0.7.1
331 silly idealTree +-- ms@0.7.2
331 silly idealTree +-- mysql-robin@2.0.8
331 silly idealTree +-- mysql@2.13.0
331 silly idealTree +-- negotiator@0.6.1
331 silly idealTree +-- node-bin-setup@1.0.6
331 silly idealTree +-- node-mysql@0.4.2
331 silly idealTree +-- node@8.3.0
331 silly idealTree +-- nodemailer@0.1.20
331 silly idealTree +-- on-finished@2.3.0
331 silly idealTree +-- on-headers@1.0.1
331 silly idealTree +-- parseurl@1.3.1
331 silly idealTree +-- path-to-regexp@0.1.7
331 silly idealTree +-- proxy-addr@1.1.4
331 silly idealTree +-- punycode@1.3.2
331 silly idealTree +-- qs@6.2.1
331 silly idealTree +-- querystring@0.2.0
331 silly idealTree +-- range-parser@1.2.0
331 silly idealTree +-- raw-body@2.2.0
331 silly idealTree +-- readable-stream@1.1.14
331 silly idealTree +-- request@2.81.0
331 silly idealTree | +-- aws-sign2@0.6.0
331 silly idealTree | +-- aws4@1.6.0
331 silly idealTree | +-- caseless@0.12.0
331 silly idealTree | +-- combined-stream@1.0.5
331 silly idealTree | | `-- delayed-stream@1.0.0
331 silly idealTree | +-- extend@3.0.1
331 silly idealTree | +-- forever-agent@0.6.1
331 silly idealTree | +-- form-data@2.1.4
331 silly idealTree | | `-- asynckit@0.4.0
331 silly idealTree | +-- har-validator@4.2.1
331 silly idealTree | | +-- ajv@4.11.8
331 silly idealTree | | | +-- co@4.6.0
331 silly idealTree | | | `-- json-stable-stringify@1.0.1
331 silly idealTree | | |   `-- jsonify@0.0.0
331 silly idealTree | | `-- har-schema@1.0.5
331 silly idealTree | +-- hawk@3.1.3
331 silly idealTree | | +-- boom@2.10.1
331 silly idealTree | | +-- cryptiles@2.0.5
331 silly idealTree | | +-- hoek@2.16.3
331 silly idealTree | | `-- sntp@1.0.9
331 silly idealTree | +-- http-signature@1.1.1
331 silly idealTree | | +-- assert-plus@0.2.0
331 silly idealTree | | +-- jsprim@1.4.0
331 silly idealTree | | | +-- assert-plus@1.0.0
331 silly idealTree | | | +-- extsprintf@1.0.2
331 silly idealTree | | | +-- json-schema@0.2.3
331 silly idealTree | | | `-- verror@1.3.6
331 silly idealTree | | `-- sshpk@1.13.1
331 silly idealTree | |   +-- asn1@0.2.3
331 silly idealTree | |   +-- assert-plus@1.0.0
331 silly idealTree | |   +-- bcrypt-pbkdf@1.0.1
331 silly idealTree | |   +-- dashdash@1.14.1
331 silly idealTree | |   +-- ecc-jsbn@0.1.1
331 silly idealTree | |   +-- getpass@0.1.7
331 silly idealTree | |   +-- jsbn@0.1.1
331 silly idealTree | |   `-- tweetnacl@0.14.5
331 silly idealTree | +-- is-typedarray@1.0.0
331 silly idealTree | +-- isstream@0.1.2
331 silly idealTree | +-- json-stringify-safe@5.0.1
331 silly idealTree | +-- oauth-sign@0.8.2
331 silly idealTree | +-- performance-now@0.2.0
331 silly idealTree | +-- qs@6.4.0
331 silly idealTree | +-- safe-buffer@5.1.1
331 silly idealTree | +-- stringstream@0.0.5
331 silly idealTree | +-- tough-cookie@2.3.2
331 silly idealTree | | `-- punycode@1.4.1
331 silly idealTree | +-- tunnel-agent@0.6.0
331 silly idealTree | `-- uuid@3.1.0
331 silly idealTree +-- require-all@0.0.3
331 silly idealTree +-- safequeue@0.0.2
331 silly idealTree +-- send@0.14.2
331 silly idealTree | `-- debug@2.2.0
331 silly idealTree |   `-- ms@0.7.1
331 silly idealTree +-- serve-favicon@2.3.2
331 silly idealTree +-- serve-static@1.11.2
331 silly idealTree +-- setprototypeof@1.0.2
331 silly idealTree +-- sorted-object@2.0.1
331 silly idealTree +-- sqlstring@2.2.0
331 silly idealTree +-- statuses@1.3.1
331 silly idealTree +-- string_decoder@0.10.31
331 silly idealTree +-- superagent@3.5.2
331 silly idealTree | +-- component-emitter@1.2.1
331 silly idealTree | +-- cookiejar@2.1.1
331 silly idealTree | +-- extend@3.0.1
331 silly idealTree | +-- form-data@2.2.0
331 silly idealTree | | +-- asynckit@0.4.0
331 silly idealTree | | `-- combined-stream@1.0.5
331 silly idealTree | |   `-- delayed-stream@1.0.0
331 silly idealTree | +-- formidable@1.1.1
331 silly idealTree | `-- readable-stream@2.3.3
331 silly idealTree |   +-- isarray@1.0.0
331 silly idealTree |   +-- process-nextick-args@1.0.7
331 silly idealTree |   +-- safe-buffer@5.1.1
331 silly idealTree |   +-- string_decoder@1.0.3
331 silly idealTree |   `-- util-deprecate@1.0.2
331 silly idealTree +-- type-is@1.6.14
331 silly idealTree +-- underscore@1.8.3
331 silly idealTree +-- unpipe@1.0.0
331 silly idealTree +-- url@0.11.0
331 silly idealTree +-- utils-merge@1.0.0
331 silly idealTree `-- vary@1.1.1
332 silly generateActionsToTake Starting
333 silly install generateActionsToTake
334 silly generateActionsToTake Finishing
335 silly diffTrees action count 6
336 silly diffTrees add mimelib-noiconv@0.1.9
337 silly diffTrees add colors@1.1.2
338 silly diffTrees add node-bin-setup@1.0.6
339 silly diffTrees add node@8.3.0
340 silly diffTrees add nodemailer@0.1.20
341 silly diffTrees add mailer@0.6.7
342 silly decomposeActions action count 48
343 silly decomposeActions fetch mimelib-noiconv@0.1.9
344 silly decomposeActions extract mimelib-noiconv@0.1.9
345 silly decomposeActions test mimelib-noiconv@0.1.9
346 silly decomposeActions preinstall mimelib-noiconv@0.1.9
347 silly decomposeActions build mimelib-noiconv@0.1.9
348 silly decomposeActions install mimelib-noiconv@0.1.9
349 silly decomposeActions postinstall mimelib-noiconv@0.1.9
350 silly decomposeActions finalize mimelib-noiconv@0.1.9
351 silly decomposeActions fetch colors@1.1.2
352 silly decomposeActions extract colors@1.1.2
353 silly decomposeActions test colors@1.1.2
354 silly decomposeActions preinstall colors@1.1.2
355 silly decomposeActions build colors@1.1.2
356 silly decomposeActions install colors@1.1.2
357 silly decomposeActions postinstall colors@1.1.2
358 silly decomposeActions finalize colors@1.1.2
359 silly decomposeActions fetch node-bin-setup@1.0.6
360 silly decomposeActions extract node-bin-setup@1.0.6
361 silly decomposeActions test node-bin-setup@1.0.6
362 silly decomposeActions preinstall node-bin-setup@1.0.6
363 silly decomposeActions build node-bin-setup@1.0.6
364 silly decomposeActions install node-bin-setup@1.0.6
365 silly decomposeActions postinstall node-bin-setup@1.0.6
366 silly decomposeActions finalize node-bin-setup@1.0.6
367 silly decomposeActions fetch node@8.3.0
368 silly decomposeActions extract node@8.3.0
369 silly decomposeActions test node@8.3.0
370 silly decomposeActions preinstall node@8.3.0
371 silly decomposeActions build node@8.3.0
372 silly decomposeActions install node@8.3.0
373 silly decomposeActions postinstall node@8.3.0
374 silly decomposeActions finalize node@8.3.0
375 silly decomposeActions fetch nodemailer@0.1.20
376 silly decomposeActions extract nodemailer@0.1.20
377 silly decomposeActions test nodemailer@0.1.20
378 silly decomposeActions preinstall nodemailer@0.1.20
379 silly decomposeActions build nodemailer@0.1.20
380 silly decomposeActions install nodemailer@0.1.20
381 silly decomposeActions postinstall nodemailer@0.1.20
382 silly decomposeActions finalize nodemailer@0.1.20
383 silly decomposeActions fetch mailer@0.6.7
384 silly decomposeActions extract mailer@0.6.7
385 silly decomposeActions test mailer@0.6.7
386 silly decomposeActions preinstall mailer@0.6.7
387 silly decomposeActions build mailer@0.6.7
388 silly decomposeActions install mailer@0.6.7
389 silly decomposeActions postinstall mailer@0.6.7
390 silly decomposeActions finalize mailer@0.6.7
391 silly runTopLevelLifecycles Starting
392 silly executeActions Starting
393 silly install executeActions
394 silly doSerial global-install 0
395 silly doParallel fetch 6
396 verbose correctMkdir C:\Users\User\AppData\Roaming\npm-cache\_locks correctMkdir not in flight; initializing
397 verbose lock using C:\Users\User\AppData\Roaming\npm-cache\_locks\staging-6c2e17d2cdcbfeab.lock for D:\TravelProject\node_modules\.staging
398 silly doParallel extract 6
399 silly extract mimelib-noiconv@0.1.9
400 silly extract colors@1.1.2
401 silly extract node-bin-setup@1.0.6
402 silly extract node@8.3.0
403 silly extract nodemailer@0.1.20
404 silly extract mailer@0.6.7
405 verbose unbuild node_modules\.staging\colors-b8862ceb
406 verbose unbuild node_modules\.staging\node-bin-setup-9b583906
407 verbose unbuild node_modules\.staging\node-bfe2c710
408 verbose unbuild node_modules\.staging\mailer-de5bed43
409 verbose unbuild node_modules\.staging\mimelib-noiconv-febb2fdf
410 verbose unbuild node_modules\.staging\nodemailer-49b20d85
411 silly gentlyRm D:\TravelProject\node_modules\.staging\colors-b8862ceb is being purged from base D:\TravelProject
412 verbose gentlyRm don't care about contents; nuking D:\TravelProject\node_modules\.staging\colors-b8862ceb
413 silly gentlyRm D:\TravelProject\node_modules\.staging\node-bin-setup-9b583906 is being purged from base D:\TravelProject
414 verbose gentlyRm don't care about contents; nuking D:\TravelProject\node_modules\.staging\node-bin-setup-9b583906
415 verbose tar unpack C:\Users\User\AppData\Roaming\npm-cache\colors\1.1.2\package.tgz
416 verbose tar unpacking to D:\TravelProject\node_modules\.staging\colors-b8862ceb
417 silly gentlyRm D:\TravelProject\node_modules\.staging\colors-b8862ceb is being purged
418 verbose gentlyRm don't care about contents; nuking D:\TravelProject\node_modules\.staging\colors-b8862ceb
419 silly gentlyRm D:\TravelProject\node_modules\.staging\node-bfe2c710 is being purged from base D:\TravelProject
420 verbose gentlyRm don't care about contents; nuking D:\TravelProject\node_modules\.staging\node-bfe2c710
421 verbose tar unpack C:\Users\User\AppData\Roaming\npm-cache\node-bin-setup\1.0.6\package.tgz
422 verbose tar unpacking to D:\TravelProject\node_modules\.staging\node-bin-setup-9b583906
423 silly gentlyRm D:\TravelProject\node_modules\.staging\node-bin-setup-9b583906 is being purged
424 verbose gentlyRm don't care about contents; nuking D:\TravelProject\node_modules\.staging\node-bin-setup-9b583906
425 silly gunzTarPerm modes [ '777', '666' ]
426 verbose tar unpack C:\Users\User\AppData\Roaming\npm-cache\node\8.3.0\package.tgz
427 verbose tar unpacking to D:\TravelProject\node_modules\.staging\node-bfe2c710
428 silly gentlyRm D:\TravelProject\node_modules\.staging\node-bfe2c710 is being purged
429 verbose gentlyRm don't care about contents; nuking D:\TravelProject\node_modules\.staging\node-bfe2c710
430 silly gunzTarPerm modes [ '777', '666' ]
431 silly gentlyRm D:\TravelProject\node_modules\.staging\mimelib-noiconv-febb2fdf is being purged from base D:\TravelProject
432 verbose gentlyRm don't care about contents; nuking D:\TravelProject\node_modules\.staging\mimelib-noiconv-febb2fdf
433 silly gentlyRm D:\TravelProject\node_modules\.staging\mailer-de5bed43 is being purged from base D:\TravelProject
434 verbose gentlyRm don't care about contents; nuking D:\TravelProject\node_modules\.staging\mailer-de5bed43
435 silly gentlyRm D:\TravelProject\node_modules\.staging\nodemailer-49b20d85 is being purged from base D:\TravelProject
436 verbose gentlyRm don't care about contents; nuking D:\TravelProject\node_modules\.staging\nodemailer-49b20d85
437 silly gunzTarPerm modes [ '777', '666' ]
438 verbose tar unpack C:\Users\User\AppData\Roaming\npm-cache\mimelib-noiconv\0.1.9\package.tgz
439 verbose tar unpacking to D:\TravelProject\node_modules\.staging\mimelib-noiconv-febb2fdf
440 silly gentlyRm D:\TravelProject\node_modules\.staging\mimelib-noiconv-febb2fdf is being purged
441 verbose gentlyRm don't care about contents; nuking D:\TravelProject\node_modules\.staging\mimelib-noiconv-febb2fdf
442 verbose tar unpack C:\Users\User\AppData\Roaming\npm-cache\mailer\0.6.7\package.tgz
443 verbose tar unpacking to D:\TravelProject\node_modules\.staging\mailer-de5bed43
444 silly gentlyRm D:\TravelProject\node_modules\.staging\mailer-de5bed43 is being purged
445 verbose gentlyRm don't care about contents; nuking D:\TravelProject\node_modules\.staging\mailer-de5bed43
446 verbose tar unpack C:\Users\User\AppData\Roaming\npm-cache\nodemailer\0.1.20\package.tgz
447 verbose tar unpacking to D:\TravelProject\node_modules\.staging\nodemailer-49b20d85
448 silly gentlyRm D:\TravelProject\node_modules\.staging\nodemailer-49b20d85 is being purged
449 verbose gentlyRm don't care about contents; nuking D:\TravelProject\node_modules\.staging\nodemailer-49b20d85
450 silly gunzTarPerm modes [ '777', '666' ]
451 silly gunzTarPerm modes [ '777', '666' ]
452 silly gunzTarPerm modes [ '777', '666' ]
453 silly gunzTarPerm extractEntry package.json
454 silly gunzTarPerm modified mode [ 'package.json', 420, 438 ]
455 silly gunzTarPerm extractEntry package.json
456 silly gunzTarPerm modified mode [ 'package.json', 420, 438 ]
457 silly gunzTarPerm extractEntry package.json
458 silly gunzTarPerm modified mode [ 'package.json', 420, 438 ]
459 silly gunzTarPerm extractEntry package.json
460 silly gunzTarPerm modified mode [ 'package.json', 420, 438 ]
461 silly gunzTarPerm extractEntry Changelog
462 silly gunzTarPerm modified mode [ 'Changelog', 420, 438 ]
463 silly gunzTarPerm extractEntry index.js
464 silly gunzTarPerm modified mode [ 'index.js', 420, 438 ]
465 silly gunzTarPerm extractEntry package.json
466 silly gunzTarPerm modified mode [ 'package.json', 420, 438 ]
467 silly gunzTarPerm extractEntry LICENSE
468 silly gunzTarPerm modified mode [ 'LICENSE', 420, 438 ]
469 silly gunzTarPerm extractEntry safe.js
470 silly gunzTarPerm modified mode [ 'safe.js', 420, 438 ]
471 silly gunzTarPerm extractEntry README.md
472 silly gunzTarPerm modified mode [ 'README.md', 420, 438 ]
473 silly gunzTarPerm extractEntry LICENSE
474 silly gunzTarPerm modified mode [ 'LICENSE', 420, 438 ]
475 silly gunzTarPerm extractEntry README.md
476 silly gunzTarPerm modified mode [ 'README.md', 420, 438 ]
477 silly gunzTarPerm extractEntry installArchSpecificPackage.js
478 silly gunzTarPerm modified mode [ 'installArchSpecificPackage.js', 420, 438 ]
479 silly gunzTarPerm extractEntry demo-template-html.js
480 silly gunzTarPerm modified mode [ 'demo-template-html.js', 420, 438 ]
481 silly gunzTarPerm extractEntry demo-template.js
482 silly gunzTarPerm modified mode [ 'demo-template.js', 420, 438 ]
483 silly gunzTarPerm extractEntry .gitignore
484 silly gunzTarPerm modified mode [ '.gitignore', 420, 438 ]
485 silly gunzTarPerm extractEntry LICENSE
486 silly gunzTarPerm modified mode [ 'LICENSE', 420, 438 ]
487 silly gunzTarPerm extractEntry ReadMe.md
488 silly gunzTarPerm modified mode [ 'ReadMe.md', 420, 438 ]
489 silly gunzTarPerm extractEntry examples/normal-usage.js
490 silly gunzTarPerm modified mode [ 'examples/normal-usage.js', 420, 438 ]
491 silly gunzTarPerm extractEntry demo.js
492 silly gunzTarPerm modified mode [ 'demo.js', 420, 438 ]
493 silly gunzTarPerm extractEntry logo.png
494 silly gunzTarPerm modified mode [ 'logo.png', 420, 438 ]
495 silly gunzTarPerm extractEntry content-types.js
496 silly gunzTarPerm modified mode [ 'content-types.js', 420, 438 ]
497 silly gunzTarPerm extractEntry index.js
498 silly gunzTarPerm modified mode [ 'index.js', 420, 438 ]
499 silly gunzTarPerm extractEntry README.md
500 silly gunzTarPerm modified mode [ 'README.md', 420, 438 ]
501 silly gunzTarPerm extractEntry examples/example.js
502 silly gunzTarPerm modified mode [ 'examples/example.js', 420, 438 ]
503 silly gunzTarPerm extractEntry mime-functions.js
504 silly gunzTarPerm modified mode [ 'mime-functions.js', 420, 438 ]
505 silly gunzTarPerm extractEntry doc.md
506 silly gunzTarPerm modified mode [ 'doc.md', 420, 438 ]
507 silly gunzTarPerm extractEntry examples/safe-string.js
508 silly gunzTarPerm modified mode [ 'examples/safe-string.js', 420, 438 ]
509 silly gunzTarPerm extractEntry lib/colors.js
510 silly gunzTarPerm modified mode [ 'lib/colors.js', 420, 438 ]
511 silly gunzTarPerm extractEntry MIT-LICENSE
512 silly gunzTarPerm modified mode [ 'MIT-LICENSE', 420, 438 ]
513 silly gunzTarPerm extractEntry lib/starttls.js
514 silly gunzTarPerm modified mode [ 'lib/starttls.js', 420, 438 ]
515 silly gunzTarPerm extractEntry lib/mail.js
516 silly gunzTarPerm modified mode [ 'lib/mail.js', 420, 438 ]
517 silly gunzTarPerm extractEntry lib/smtp.js
518 silly gunzTarPerm modified mode [ 'lib/smtp.js', 420, 438 ]
519 silly gentlyRm D:\TravelProject\node_modules\.staging\node-bin-setup-9b583906\node_modules is being purged
520 verbose gentlyRm don't care about contents; nuking D:\TravelProject\node_modules\.staging\node-bin-setup-9b583906\node_modules
521 silly gunzTarPerm extractEntry lib/extendStringPrototype.js
522 silly gunzTarPerm modified mode [ 'lib/extendStringPrototype.js', 420, 438 ]
523 silly gunzTarPerm extractEntry lib/index.js
524 silly gunzTarPerm modified mode [ 'lib/index.js', 420, 438 ]
525 silly gunzTarPerm extractEntry lib/styles.js
526 silly gunzTarPerm modified mode [ 'lib/styles.js', 420, 438 ]
527 silly gunzTarPerm extractEntry package.json
528 silly gunzTarPerm modified mode [ 'package.json', 420, 438 ]
529 silly gunzTarPerm extractEntry Readme.md
530 silly gunzTarPerm modified mode [ 'Readme.md', 420, 438 ]
531 silly gentlyRm D:\TravelProject\node_modules\.staging\node-bfe2c710\node_modules is being purged
532 verbose gentlyRm don't care about contents; nuking D:\TravelProject\node_modules\.staging\node-bfe2c710\node_modules
533 silly gunzTarPerm extractEntry lib/custom/trap.js
534 silly gunzTarPerm modified mode [ 'lib/custom/trap.js', 420, 438 ]
535 silly gunzTarPerm extractEntry lib/custom/zalgo.js
536 silly gunzTarPerm modified mode [ 'lib/custom/zalgo.js', 420, 438 ]
537 silly gunzTarPerm extractEntry stubSMTP
538 silly gunzTarPerm modified mode [ 'stubSMTP', 420, 438 ]
539 silly gunzTarPerm extractEntry lib/node_mailer.js
540 silly gunzTarPerm modified mode [ 'lib/node_mailer.js', 420, 438 ]
541 silly gunzTarPerm extractEntry lib/maps/america.js
542 silly gunzTarPerm modified mode [ 'lib/maps/america.js', 420, 438 ]
543 silly gunzTarPerm extractEntry lib/maps/rainbow.js
544 silly gunzTarPerm modified mode [ 'lib/maps/rainbow.js', 420, 438 ]
545 silly gunzTarPerm extractEntry templates/sample-html.txt
546 silly gunzTarPerm modified mode [ 'templates/sample-html.txt', 420, 438 ]
547 silly gunzTarPerm extractEntry templates/sample.txt
548 silly gunzTarPerm modified mode [ 'templates/sample.txt', 420, 438 ]
549 silly gunzTarPerm extractEntry vendor/mustache.js
550 silly gunzTarPerm modified mode [ 'vendor/mustache.js', 420, 438 ]
551 silly gunzTarPerm extractEntry lib/maps/random.js
552 silly gunzTarPerm modified mode [ 'lib/maps/random.js', 420, 438 ]
553 silly gunzTarPerm extractEntry lib/maps/zebra.js
554 silly gunzTarPerm modified mode [ 'lib/maps/zebra.js', 420, 438 ]
555 silly gunzTarPerm extractEntry lib/system/supports-colors.js
556 silly gunzTarPerm modified mode [ 'lib/system/supports-colors.js', 420, 438 ]
557 silly gunzTarPerm extractEntry themes/generic-logging.js
558 silly gunzTarPerm modified mode [ 'themes/generic-logging.js', 420, 438 ]
559 silly gentlyRm D:\TravelProject\node_modules\.staging\mimelib-noiconv-febb2fdf\node_modules is being purged
560 verbose gentlyRm don't care about contents; nuking D:\TravelProject\node_modules\.staging\mimelib-noiconv-febb2fdf\node_modules
561 silly gentlyRm D:\TravelProject\node_modules\.staging\nodemailer-49b20d85\node_modules is being purged
562 verbose gentlyRm don't care about contents; nuking D:\TravelProject\node_modules\.staging\nodemailer-49b20d85\node_modules
563 silly gentlyRm D:\TravelProject\node_modules\.staging\mailer-de5bed43\node_modules is being purged
564 verbose gentlyRm don't care about contents; nuking D:\TravelProject\node_modules\.staging\mailer-de5bed43\node_modules
565 silly gentlyRm D:\TravelProject\node_modules\.staging\colors-b8862ceb\node_modules is being purged
566 verbose gentlyRm don't care about contents; nuking D:\TravelProject\node_modules\.staging\colors-b8862ceb\node_modules
567 silly doParallel preinstall 6
568 silly preinstall mimelib-noiconv@0.1.9 D:\TravelProject\node_modules\.staging\mimelib-noiconv-febb2fdf
569 info lifecycle mimelib-noiconv@0.1.9~preinstall: mimelib-noiconv@0.1.9
570 silly preinstall colors@1.1.2 D:\TravelProject\node_modules\.staging\colors-b8862ceb
571 info lifecycle colors@1.1.2~preinstall: colors@1.1.2
572 silly preinstall node-bin-setup@1.0.6 D:\TravelProject\node_modules\.staging\node-bin-setup-9b583906
573 info lifecycle node-bin-setup@1.0.6~preinstall: node-bin-setup@1.0.6
574 silly preinstall node@8.3.0 D:\TravelProject\node_modules\.staging\node-bfe2c710
575 info lifecycle node@8.3.0~preinstall: node@8.3.0
576 silly preinstall nodemailer@0.1.20 D:\TravelProject\node_modules\.staging\nodemailer-49b20d85
577 info lifecycle nodemailer@0.1.20~preinstall: nodemailer@0.1.20
578 silly preinstall mailer@0.6.7 D:\TravelProject\node_modules\.staging\mailer-de5bed43
579 info lifecycle mailer@0.6.7~preinstall: mailer@0.6.7
580 silly lifecycle mimelib-noiconv@0.1.9~preinstall: no script for preinstall, continuing
581 silly lifecycle colors@1.1.2~preinstall: no script for preinstall, continuing
582 silly lifecycle node-bin-setup@1.0.6~preinstall: no script for preinstall, continuing
583 verbose lifecycle node@8.3.0~preinstall: unsafe-perm in lifecycle true
584 verbose lifecycle node@8.3.0~preinstall: PATH: C:\Program Files\nodejs\node_modules\npm\bin\node-gyp-bin;D:\TravelProject\node_modules\.staging\node-bfe2c710\node_modules\.bin;D:\TravelProject\node_modules\.bin;C:\ProgramData\Oracle\Java\javapath;C:\Program Files (x86)\Razer Chroma SDK\bin;C:\Program Files\Razer Chroma SDK\bin;C:\Windows\system32;C:\Windows;C:\Windows\System32\Wbem;C:\Windows\System32\WindowsPowerShell\v1.0\;C:\Users\User\AppData\Local\Microsoft\WindowsApps;C:\Program Files\nodejs\;C:\Program Files\Git\cmd;C:\Program Files\TortoiseGit\bin;C:\Users\User\AppData\Local\Microsoft\WindowsApps;C:\Users\User\AppData\Roaming\npm
585 verbose lifecycle node@8.3.0~preinstall: CWD: D:\TravelProject\node_modules\.staging\node-bfe2c710
586 silly lifecycle node@8.3.0~preinstall: Args: [ '/d /s /c', 'node installArchSpecificPackage' ]
587 silly lifecycle nodemailer@0.1.20~preinstall: no script for preinstall, continuing
588 silly lifecycle mailer@0.6.7~preinstall: no script for preinstall, continuing
589 silly lifecycle node@8.3.0~preinstall: Returned: code: 1  signal: null
590 info lifecycle node@8.3.0~preinstall: Failed to exec preinstall script
591 verbose unlock done using C:\Users\User\AppData\Roaming\npm-cache\_locks\staging-6c2e17d2cdcbfeab.lock for D:\TravelProject\node_modules\.staging
592 silly rollbackFailedOptional Starting
593 silly rollbackFailedOptional Finishing
594 silly runTopLevelLifecycles Finishing
595 silly install printInstalled
596 verbose stack Error: node@8.3.0 preinstall: `node installArchSpecificPackage`
596 verbose stack Exit status 1
596 verbose stack     at EventEmitter.<anonymous> (C:\Program Files\nodejs\node_modules\npm\lib\utils\lifecycle.js:255:16)
596 verbose stack     at emitTwo (events.js:106:13)
596 verbose stack     at EventEmitter.emit (events.js:191:7)
596 verbose stack     at ChildProcess.<anonymous> (C:\Program Files\nodejs\node_modules\npm\lib\utils\spawn.js:40:14)
596 verbose stack     at emitTwo (events.js:106:13)
596 verbose stack     at ChildProcess.emit (events.js:191:7)
596 verbose stack     at maybeClose (internal/child_process.js:891:16)
596 verbose stack     at Process.ChildProcess._handle.onexit (internal/child_process.js:226:5)
597 verbose pkgid node@8.3.0
598 verbose cwd D:\TravelProject
599 error Windows_NT 10.0.15063
600 error argv "C:\\Program Files\\nodejs\\node.exe" "C:\\Program Files\\nodejs\\node_modules\\npm\\bin\\npm-cli.js" "install" "--save" "node" "mailer"
601 error node v6.11.2
602 error npm  v3.10.10
603 error code ELIFECYCLE
604 error node@8.3.0 preinstall: `node installArchSpecificPackage`
604 error Exit status 1
605 error Failed at the node@8.3.0 preinstall script 'node installArchSpecificPackage'.
605 error Make sure you have the latest version of node.js and npm installed.
605 error If you do, this is most likely a problem with the node package,
605 error not with npm itself.
605 error Tell the author that this fails on your system:
605 error     node installArchSpecificPackage
605 error You can get information on how to open an issue for this project with:
605 error     npm bugs node
605 error Or if that isn't available, you can get their info via:
605 error     npm owner ls node
605 error There is likely additional logging output above.
606 verbose exit [ 1, true ]
